
Showing logs for build [32mcb-kubecd-environment-pr-482-4-ggjgn-1[0m stage [32mfrom-build-pack[0m and container [32mstep-credential-initializer-44c8v[0m
{"level":"warn","ts":1586296737.2530208,"logger":"fallback-logger","caller":"logging/config.go:69","msg":"Fetch GitHub commit ID from kodata failed: \"ref: refs/heads/0.8.0-**-support-backwards-incompats\" is not a valid GitHub commit ID"}
{"level":"info","ts":1586296737.2539334,"logger":"fallback-logger","caller":"creds-init/main.go:40","msg":"Credentials initialized."}

Showing logs for build [32mcb-kubecd-environment-pr-482-4-ggjgn-1[0m stage [32mfrom-build-pack[0m and container [32mstep-working-dir-initializer-x2kcf[0m
{"level":"warn","ts":1586296738.4351475,"logger":"fallback-logger","caller":"logging/config.go:69","msg":"Fetch GitHub commit ID from kodata failed: open /var/run/ko/HEAD: no such file or directory"}
{"level":"info","ts":1586296738.440857,"logger":"fallback-logger","caller":"bash/main.go:64","msg":"Successfully executed command \"sh -c mkdir -p /workspace/source\"; output "}

Showing logs for build [32mcb-kubecd-environment-pr-482-4-ggjgn-1[0m stage [32mfrom-build-pack[0m and container [32mstep-place-tools[0m

Showing logs for build [32mcb-kubecd-environment-pr-482-4-ggjgn-1[0m stage [32mfrom-build-pack[0m and container [32mstep-git-source-cb-kubecd-environment-pr-482-4-ggjgn-j4v5w[0m
{"level":"warn","ts":1586296742.4667313,"logger":"fallback-logger","caller":"logging/config.go:69","msg":"Fetch GitHub commit ID from kodata failed: \"ref: refs/heads/0.8.0-**-support-backwards-incompats\" is not a valid GitHub commit ID"}
{"level":"info","ts":1586296743.5066812,"logger":"fallback-logger","caller":"git/git.go:103","msg":"Successfully cloned https://github.com/cb-kubecd/environment-pr-482-4-bdd-frontend-staging.git @ master in path /workspace/source"}

Showing logs for build [32mcb-kubecd-environment-pr-482-4-ggjgn-1[0m stage [32mfrom-build-pack[0m and container [32mstep-git-merge[0m
Using SHAs from PULL_REFS=master:8e5b1e270a9a0bd183653af9b821155a8a6925ae,1:21b678a18101e90664480fa9d9bf7166a61814a5
DEBUG: JX_LOG_LEVEL=error LC_ALL=C git fetch origin --unshallow 21b678a18101e90664480fa9d9bf7166a61814a5: 8e5b1e270a9a0bd183653af9b821155a8a6925ae:
DEBUG: ran git fetch --unshallow origin 21b678a18101e90664480fa9d9bf7166a61814a5: 8e5b1e270a9a0bd183653af9b821155a8a6925ae: in 
DEBUG: LC_ALL=C JX_LOG_LEVEL=error git branch
DEBUG: LC_ALL=C JX_LOG_LEVEL=error git checkout master
DEBUG: ran git checkout master in 
DEBUG: LC_ALL=C JX_LOG_LEVEL=error git reset --hard 8e5b1e270a9a0bd183653af9b821155a8a6925ae
DEBUG: ran git reset --hard 8e5b1e270a9a0bd183653af9b821155a8a6925ae in 
DEBUG: LC_ALL=C JX_LOG_LEVEL=error git clean -fd .
DEBUG: ran clean --force -d . in 
DEBUG: JX_LOG_LEVEL=error LC_ALL=C git merge 21b678a18101e90664480fa9d9bf7166a61814a5
DEBUG: ran git merge 21b678a18101e90664480fa9d9bf7166a61814a5 in 
DEBUG: JX_LOG_LEVEL=error LC_ALL=C git log --format=%H%x1f%an%x1f%ae%x1f%cn%x1f%ce%x1f%s%n%b%x1e 8e5b1e270a9a0bd183653af9b821155a8a6925ae..HEAD
Merged SHA 21b678a18101e90664480fa9d9bf7166a61814a5 with commit message 'chore: Promote bdd-nh-1586295754 to version 0.0.1' into base branch master

Showing logs for build [32mcb-kubecd-environment-pr-482-4-ggjgn-1[0m stage [32mfrom-build-pack[0m and container [32mstep-build-helm-build[0m
WARNING: No $CHART_REPOSITORY defined so using the default value of: http://jenkins-x-chartmuseum:8080
Adding missing Helm repo: storage.googleapis.com https://storage.googleapis.com/chartmuseum.jenkins-x.io
WARNING: No secrets found on "helm/repos" due: reading the secret "helm/repos" from vault: no secret "helm/repos" not found in vault
Read credentials for https://storage.googleapis.com/chartmuseum.jenkins-x.io from vault helm/repos
Successfully added Helm repository storage.googleapis.com.
Adding missing Helm repo: jenkins-x-chartmuseum http://jenkins-x-chartmuseum:8080
WARNING: No secrets found on "helm/repos" due: reading the secret "helm/repos" from vault: no secret "helm/repos" not found in vault
Read credentials for http://jenkins-x-chartmuseum:8080 from vault helm/repos
Successfully added Helm repository jenkins-x-chartmuseum.
WARNING: No $CHART_REPOSITORY defined so using the default value of: http://jenkins-x-chartmuseum:8080
Adding missing Helm repo: chartmuseum.jenkins-x.io http://chartmuseum.jenkins-x.io
WARNING: No secrets found on "helm/repos" due: reading the secret "helm/repos" from vault: no secret "helm/repos" not found in vault
Read credentials for http://chartmuseum.jenkins-x.io from vault helm/repos
Successfully added Helm repository chartmuseum.jenkins-x.io.
